<?xml version="1.0" encoding="UTF-8"?>
<testsuite xmlns:xsi="http://www.w3.org/2001/XMLSchema-instance" xsi:noNamespaceSchemaLocation="https://maven.apache.org/surefire/maven-surefire-plugin/xsd/surefire-test-report.xsd" name="it.unipd.mtss.RomanPrinterTest" time="0.002" tests="11" errors="0" skipped="0" failures="0">
  <properties>
    <property name="java.specification.version" value="22"/>
    <property name="sun.jnu.encoding" value="UTF-8"/>
    <property name="java.class.path" value="/home/german/eclipse-workspace/roman-number/target/test-classes:/home/german/eclipse-workspace/roman-number/target/classes:/home/german/.m2/repository/junit/junit/4.12/junit-4.12.jar:/home/german/.m2/repository/org/hamcrest/hamcrest-core/1.3/hamcrest-core-1.3.jar:"/>
    <property name="java.vm.vendor" value="Oracle Corporation"/>
    <property name="sun.arch.data.model" value="64"/>
    <property name="java.vendor.url" value="https://java.oracle.com/"/>
    <property name="os.name" value="Linux"/>
    <property name="java.vm.specification.version" value="22"/>
    <property name="sun.java.launcher" value="SUN_STANDARD"/>
    <property name="user.country" value="ES"/>
    <property name="sun.boot.library.path" value="/home/german/Instalaciones/jdk-22.0.1/lib"/>
    <property name="sun.java.command" value="/home/german/eclipse-workspace/roman-number/target/surefire/surefirebooter13595101007661064464.jar /home/german/eclipse-workspace/roman-number/target/surefire 2024-05-20T21-00-18_210-jvmRun1 surefire6677878582338028946tmp surefire_016299073075731587018tmp"/>
    <property name="jdk.debug" value="release"/>
    <property name="surefire.test.class.path" value="/home/german/eclipse-workspace/roman-number/target/test-classes:/home/german/eclipse-workspace/roman-number/target/classes:/home/german/.m2/repository/junit/junit/4.12/junit-4.12.jar:/home/german/.m2/repository/org/hamcrest/hamcrest-core/1.3/hamcrest-core-1.3.jar:"/>
    <property name="sun.cpu.endian" value="little"/>
    <property name="user.home" value="/home/german"/>
    <property name="user.language" value="es"/>
    <property name="java.specification.vendor" value="Oracle Corporation"/>
    <property name="java.version.date" value="2024-04-16"/>
    <property name="java.home" value="/home/german/Instalaciones/jdk-22.0.1"/>
    <property name="file.separator" value="/"/>
    <property name="basedir" value="/home/german/eclipse-workspace/roman-number"/>
    <property name="java.vm.compressedOopsMode" value="32-bit"/>
    <property name="line.separator" value="&#10;"/>
    <property name="java.specification.name" value="Java Platform API Specification"/>
    <property name="java.vm.specification.vendor" value="Oracle Corporation"/>
    <property name="surefire.real.class.path" value="/home/german/eclipse-workspace/roman-number/target/surefire/surefirebooter13595101007661064464.jar"/>
    <property name="sun.management.compiler" value="HotSpot 64-Bit Tiered Compilers"/>
    <property name="java.runtime.version" value="22.0.1+8-16"/>
    <property name="user.name" value="german"/>
    <property name="stdout.encoding" value="UTF-8"/>
    <property name="path.separator" value=":"/>
    <property name="os.version" value="6.5.0-35-generic"/>
    <property name="java.runtime.name" value="Java(TM) SE Runtime Environment"/>
    <property name="file.encoding" value="UTF-8"/>
    <property name="java.vm.name" value="Java HotSpot(TM) 64-Bit Server VM"/>
    <property name="localRepository" value="/home/german/.m2/repository"/>
    <property name="java.vendor.url.bug" value="https://bugreport.java.com/bugreport/"/>
    <property name="java.io.tmpdir" value="/tmp"/>
    <property name="java.version" value="22.0.1"/>
    <property name="user.dir" value="/home/german/eclipse-workspace/roman-number"/>
    <property name="os.arch" value="amd64"/>
    <property name="java.vm.specification.name" value="Java Virtual Machine Specification"/>
    <property name="native.encoding" value="UTF-8"/>
    <property name="java.library.path" value="/usr/java/packages/lib:/usr/lib64:/lib64:/lib:/usr/lib"/>
    <property name="java.vm.info" value="mixed mode, sharing"/>
    <property name="stderr.encoding" value="UTF-8"/>
    <property name="java.vendor" value="Oracle Corporation"/>
    <property name="java.vm.version" value="22.0.1+8-16"/>
    <property name="sun.io.unicode.encoding" value="UnicodeLittle"/>
    <property name="java.class.version" value="66.0"/>
  </properties>
  <testcase name="test100" classname="it.unipd.mtss.RomanPrinterTest" time="0"/>
  <testcase name="test500" classname="it.unipd.mtss.RomanPrinterTest" time="0.001"/>
  <testcase name="test666" classname="it.unipd.mtss.RomanPrinterTest" time="0"/>
  <testcase name="test888" classname="it.unipd.mtss.RomanPrinterTest" time="0"/>
  <testcase name="test968" classname="it.unipd.mtss.RomanPrinterTest" time="0"/>
  <testcase name="test1000" classname="it.unipd.mtss.RomanPrinterTest" time="0"/>
  <testcase name="test10" classname="it.unipd.mtss.RomanPrinterTest" time="0"/>
  <testcase name="test50" classname="it.unipd.mtss.RomanPrinterTest" time="0"/>
  <testcase name="testLetterToNumber" classname="it.unipd.mtss.RomanPrinterTest" time="0"/>
  <testcase name="test1" classname="it.unipd.mtss.RomanPrinterTest" time="0"/>
  <testcase name="test5" classname="it.unipd.mtss.RomanPrinterTest" time="0.001"/>
</testsuite>